<?xml version="1.0" encoding="UTF-8"?>
<!-- Generated by org.testng.reporters.JUnitReportReporter -->
<testsuite skipped="0" hostname="SAKEMPEG-1RZZD" name="com.restassured.RestAssured.GetRequestsTest" tests="1" failures="0" timestamp="2020-02-22T01:42:01 IST" time="0.029" errors="0">
  <testcase name="test" time="0.029" classname="com.restassured.RestAssured.GetRequestsTest"/>
</testsuite> <!-- com.restassured.RestAssured.GetRequestsTest -->
