<?xml version="1.0" encoding="UTF-8"?>
<!-- Generated by org.testng.reporters.JUnitReportReporter -->
<testsuite skipped="0" hostname="SAKEMPEG-1RZZD" name="com.testNG.EmailAdaptor" tests="3" failures="0" timestamp="2020-02-17T17:07:14 IST" time="0.017" errors="0">
  <testcase name="updatepoolingStatus" time="0.010" classname="com.testNG.EmailAdaptor"/>
  <testcase name="poolInbox" time="0.005" classname="com.testNG.EmailAdaptor"/>
  <testcase name="poolErrorFolder" time="0.002" classname="com.testNG.EmailAdaptor"/>
</testsuite> <!-- com.testNG.EmailAdaptor -->
