<?xml version="1.0" encoding="UTF-8"?>
<!-- Generated by org.testng.reporters.JUnitReportReporter -->
<testsuite skipped="0" hostname="SAKEMPEG-1RZZD" name="com.testNG.ChatAdaptor" tests="2" failures="0" timestamp="2020-02-17T17:07:14 IST" time="0.022" errors="0">
  <testcase name="initiateChat" time="0.016" classname="com.testNG.ChatAdaptor"/>
  <testcase name="wrapUpChat" time="0.006" classname="com.testNG.ChatAdaptor"/>
</testsuite> <!-- com.testNG.ChatAdaptor -->
