<?xml version="1.0" encoding="UTF-8"?>
<!-- Generated by org.testng.reporters.JUnitReportReporter -->
<testsuite skipped="0" hostname="SAKEMPEG-1RZZD" name="com.testNG.MccgDemo" tests="4" failures="0" timestamp="2020-02-17T17:10:31 IST" time="0.022" errors="0">
  <testcase name="checkGateWay" time="0.010" classname="com.testNG.MccgDemo"/>
  <testcase name="checkQueue" time="0.003" classname="com.testNG.MccgDemo"/>
  <testcase name="ruote" time="0.003" classname="com.testNG.MccgDemo"/>
  <testcase name="call" time="0.006" classname="com.testNG.MccgDemo"/>
</testsuite> <!-- com.testNG.MccgDemo -->
